{'name': 'System Idle Process', 'pid': 0, 'username': 'NT AUTHORITY\\SYSTEM'}
{'name': 'System', 'pid': 4, 'username': 'NT AUTHORITY\\SYSTEM'}
{'name': 'Registry', 'pid': 100, 'username': None}
{'name': 'smss.exe', 'pid': 472, 'username': None}
{'name': 'lsass.exe', 'pid': 540, 'username': None}
{'name': 'services.exe', 'pid': 592, 'username': None}
{'name': 'csrss.exe', 'pid': 644, 'username': None}
{'name': 'svchost.exe', 'pid': 696, 'username': None}
{'name': 'WmiPrvSE.exe', 'pid': 700, 'username': None}
{'name': 'igfxTray.exe', 'pid': 720, 'username': 'LENOVO-G50-80\\USER'}
{'name': 'svchost.exe', 'pid': 732, 'username': None}
{'name': 'svchost.exe', 'pid': 792, 'username': None}
{'name': 'svchost.exe', 'pid': 808, 'username': None}
{'name': 'fontdrvhost.exe', 'pid': 816, 'username': None}
{'name': 'svchost.exe', 'pid': 936, 'username': None}
{'name': 'wininit.exe', 'pid': 1000, 'username': None}
{'name': 'csrss.exe', 'pid': 1016, 'username': None}
{'name': 'winlogon.exe', 'pid': 1040, 'username': None}
{'name': 'fontdrvhost.exe', 'pid': 1096, 'username': None}
{'name': 'dwm.exe', 'pid': 1152, 'username': None}
{'name': 'fodhelper.exe', 'pid': 1168, 'username': None}
{'name': 'SettingSyncHost.exe', 'pid': 1200, 'username': 'LENOVO-G50-80\\USER'}
{'name': 'svchost.exe', 'pid': 1292, 'username': None}
{'name': 'SgrmBroker.exe', 'pid': 1324, 'username': None}
{'name': 'svchost.exe', 'pid': 1360, 'username': None}
{'name': 'svchost.exe', 'pid': 1368, 'username': None}
{'name': 'svchost.exe', 'pid': 1376, 'username': None}
{'name': 'httpd.exe', 'pid': 1384, 'username': None}
{'name': 'svchost.exe', 'pid': 1480, 'username': None}
{'name': 'AUEPLauncher.exe', 'pid': 1492, 'username': None}
{'name': 'svchost.exe', 'pid': 1532, 'username': None}
{'name': 'svchost.exe', 'pid': 1544, 'username': None}
{'name': 'svchost.exe', 'pid': 1552, 'username': None}
{'name': 'svchost.exe', 'pid': 1560, 'username': None}
{'name': 'svchost.exe', 'pid': 1568, 'username': None}
{'name': 'svchost.exe', 'pid': 1576, 'username': None}
{'name': 'svchost.exe', 'pid': 1632, 'username': None}
{'name': 'AUEPMaster.exe', 'pid': 1640, 'username': None}
{'name': 'svchost.exe', 'pid': 1692, 'username': None}
{'name': 'svchost.exe', 'pid': 1732, 'username': None}
{'name': 'svchost.exe', 'pid': 1740, 'username': None}
{'name': 'taskhostw.exe', 'pid': 1776, 'username': 'LENOVO-G50-80\\USER'}
{'name': 'igfxEM.exe', 'pid': 1812, 'username': 'LENOVO-G50-80\\USER'}
{'name': 'svchost.exe', 'pid': 2008, 'username': None}
{'name': 'svchost.exe', 'pid': 2032, 'username': None}
{'name': 'svchost.exe', 'pid': 2068, 'username': None}
{'name': 'svchost.exe', 'pid': 2080, 'username': None}
{'name': 'svchost.exe', 'pid': 2088, 'username': None}
{'name': 'conhost.exe', 'pid': 2136, 'username': 'LENOVO-G50-80\\USER'}
{'name': 'svchost.exe', 'pid': 2168, 'username': None}
{'name': 'svchost.exe', 'pid': 2184, 'username': None}
{'name': 'svchost.exe', 'pid': 2200, 'username': None}
{'name': 'igfxCUIService.exe', 'pid': 2268, 'username': None}
{'name': 'svchost.exe', 'pid': 2280, 'username': None}
{'name': 'amdfendrsr.exe', 'pid': 2284, 'username': None}
{'name': 'atiesrxx.exe', 'pid': 2304, 'username': None}
{'name': 'svchost.exe', 'pid': 2312, 'username': None}
{'name': 'CodeHelper.exe', 'pid': 2336, 'username': 'LENOVO-G50-80\\USER'}
{'name': 'svchost.exe', 'pid': 2344, 'username': None}
{'name': 'svchost.exe', 'pid': 2364, 'username': None}
{'name': 'svchost.exe', 'pid': 2612, 'username': None}
{'name': 'atieclxx.exe', 'pid': 2624, 'username': None}
{'name': 'svchost.exe', 'pid': 2632, 'username': None}
{'name': 'MemCompression', 'pid': 2692, 'username': None}
{'name': 'svchost.exe', 'pid': 2704, 'username': None}
{'name': 'svchost.exe', 'pid': 2740, 'username': None}
{'name': 'svchost.exe', 'pid': 2752, 'username': None}
{'name': 'svchost.exe', 'pid': 2760, 'username': None}
{'name': 'svchost.exe', 'pid': 2772, 'username': None}
{'name': 'svchost.exe', 'pid': 2828, 'username': None}
{'name': 'RuntimeBroker.exe', 'pid': 2904, 'username': 'LENOVO-G50-80\\USER'}
{'name': 'svchost.exe', 'pid': 2908, 'username': None}
{'name': 'ctfmon.exe', 'pid': 2928, 'username': 'LENOVO-G50-80\\USER'}
{'name': 'svchost.exe', 'pid': 2932, 'username': None}
{'name': 'conhost.exe', 'pid': 2956, 'username': 'LENOVO-G50-80\\USER'}
{'name': 'svchost.exe', 'pid': 3056, 'username': None}
{'name': 'svchost.exe', 'pid': 3140, 'username': None}
{'name': 'svchost.exe', 'pid': 3148, 'username': None}
{'name': 'svchost.exe', 'pid': 3156, 'username': None}
{'name': 'svchost.exe', 'pid': 3304, 'username': None}
{'name': 'SASrv.exe', 'pid': 3324, 'username': None}
{'name': 'svchost.exe', 'pid': 3376, 'username': None}
{'name': 'svchost.exe', 'pid': 3436, 'username': None}
{'name': 'svchost.exe', 'pid': 3476, 'username': None}
{'name': 'spoolsv.exe', 'pid': 3540, 'username': None}
{'name': 'svchost.exe', 'pid': 3580, 'username': None}
{'name': 'UIUSrv.exe', 'pid': 3600, 'username': None}
{'name': 'svchost.exe', 'pid': 3612, 'username': None}
{'name': 'SynTPEnhService.exe', 'pid': 3668, 'username': None}
{'name': 'dllhost.exe', 'pid': 3684, 'username': 'LENOVO-G50-80\\USER'}
{'name': 'svchost.exe', 'pid': 3716, 'username': None}
{'name': 'svchost.exe', 'pid': 3804, 'username': None}
{'name': 'CxAudMsg64.exe', 'pid': 3852, 'username': None}
{'name': 'AnyDesk.exe', 'pid': 3864, 'username': None}
{'name': 'svchost.exe', 'pid': 3876, 'username': None}
{'name': 'svchost.exe', 'pid': 3884, 'username': None}
{'name': 'svchost.exe', 'pid': 3892, 'username': None}
{'name': 'ibtsiva.exe', 'pid': 3912, 'username': None}
{'name': 'svchost.exe', 'pid': 3944, 'username': None}
{'name': 'svchost.exe', 'pid': 3984, 'username': None}
{'name': 'mysqld.exe', 'pid': 4044, 'username': None}
{'name': 'svchost.exe', 'pid': 4084, 'username': None}
{'name': 'httpd.exe', 'pid': 4124, 'username': None}
{'name': 'chrome.exe', 'pid': 4148, 'username': 'LENOVO-G50-80\\USER'}
{'name': 'mysqld.exe', 'pid': 4152, 'username': None}
{'name': 'svchost.exe', 'pid': 4168, 'username': None}
{'name': 'MsMpEng.exe', 'pid': 4184, 'username': None}
{'name': 'igfxHK.exe', 'pid': 4204, 'username': 'LENOVO-G50-80\\USER'}
{'name': 'jhi_service.exe', 'pid': 4224, 'username': None}
{'name': 'svchost.exe', 'pid': 4272, 'username': None}
{'name': 'svchost.exe', 'pid': 4296, 'username': None}
{'name': 'cpptools.exe', 'pid': 4512, 'username': 'LENOVO-G50-80\\USER'}
{'name': 'svchost.exe', 'pid': 4600, 'username': None}
{'name': 'SearchIndexer.exe', 'pid': 4824, 'username': None}
{'name': 'Code.exe', 'pid': 4940, 'username': 'LENOVO-G50-80\\USER'}
{'name': 'mysqld.exe', 'pid': 5032, 'username': None}
{'name': 'conhost.exe', 'pid': 5040, 'username': None}
{'name': 'mysqld.exe', 'pid': 5100, 'username': None}
{'name': 'conhost.exe', 'pid': 5108, 'username': None}
{'name': 'svchost.exe', 'pid': 5452, 'username': None}
{'name': 'svchost.exe', 'pid': 5468, 'username': None}
{'name': 'SynTPHelper.exe', 'pid': 5600, 'username': 'LENOVO-G50-80\\USER'}
{'name': 'Microsoft.Photos.exe', 'pid': 5784, 'username': 'LENOVO-G50-80\\USER'}
{'name': 'rundll32.exe', 'pid': 5856, 'username': 'LENOVO-G50-80\\USER'}
{'name': 'svchost.exe', 'pid': 5948, 'username': None}
{'name': 'NisSrv.exe', 'pid': 6116, 'username': None}
{'name': 'Code.exe', 'pid': 6212, 'username': 'LENOVO-G50-80\\USER'}
{'name': 'svchost.exe', 'pid': 6216, 'username': None}
{'name': 'AMDRSServ.exe', 'pid': 6224, 'username': 'LENOVO-G50-80\\USER'}
{'name': 'CodeHelper.exe', 'pid': 6284, 'username': 'LENOVO-G50-80\\USER'}
{'name': 'RuntimeBroker.exe', 'pid': 6476, 'username': 'LENOVO-G50-80\\USER'}
{'name': 'SynTPEnh.exe', 'pid': 6612, 'username': 'LENOVO-G50-80\\USER'}
{'name': 'AUEPUF.exe', 'pid': 6640, 'username': None}
{'name': 'sihost.exe', 'pid': 6664, 'username': 'LENOVO-G50-80\\USER'}
{'name': 'RuntimeBroker.exe', 'pid': 6704, 'username': 'LENOVO-G50-80\\USER'}
{'name': 'svchost.exe', 'pid': 6832, 'username': None}
{'name': 'svchost.exe', 'pid': 6860, 'username': 'LENOVO-G50-80\\USER'}
{'name': 'YourPhone.exe', 'pid': 6912, 'username': 'LENOVO-G50-80\\USER'}
{'name': 'SecurityHealthSystray.exe', 'pid': 6936, 'username': 'LENOVO-G50-80\\USER'}
{'name': 'dasHost.exe', 'pid': 6988, 'username': None}
{'name': 'svchost.exe', 'pid': 7000, 'username': None}
{'name': 'explorer.exe', 'pid': 7056, 'username': 'LENOVO-G50-80\\USER'}
{'name': 'mshta.exe', 'pid': 7080, 'username': 'LENOVO-G50-80\\USER'}
{'name': 'googledrivesync.exe', 'pid': 7088, 'username': 'LENOVO-G50-80\\USER'}
{'name': 'svchost.exe', 'pid': 7144, 'username': 'LENOVO-G50-80\\USER'}
{'name': 'svchost.exe', 'pid': 7196, 'username': 'LENOVO-G50-80\\USER'}
{'name': 'GoogleCrashHandler64.exe', 'pid': 7392, 'username': None}
{'name': 'StartMenuExperienceHost.exe', 'pid': 7516, 'username': 'LENOVO-G50-80\\USER'}
{'name': 'svchost.exe', 'pid': 7540, 'username': None}
{'name': 'RuntimeBroker.exe', 'pid': 7592, 'username': 'LENOVO-G50-80\\USER'}
{'name': 'RuntimeBroker.exe', 'pid': 7652, 'username': 'LENOVO-G50-80\\USER'}
{'name': 'SearchApp.exe', 'pid': 7712, 'username': 'LENOVO-G50-80\\USER'}
{'name': 'svchost.exe', 'pid': 7928, 'username': None}
{'name': 'RuntimeBroker.exe', 'pid': 8020, 'username': 'LENOVO-G50-80\\USER'}
{'name': 'TiWorker.exe', 'pid': 8064, 'username': None}
{'name': 'RTFTrack.exe', 'pid': 8116, 'username': 'LENOVO-G50-80\\USER'}
{'name': 'SecurityHealthService.exe', 'pid': 8200, 'username': None}
{'name': 'fmapp.exe', 'pid': 8308, 'username': 'LENOVO-G50-80\\USER'}
{'name': 'CAudioFilterAgent64.exe', 'pid': 8396, 'username': 'LENOVO-G50-80\\USER'}
{'name': 'googledrivesync.exe', 'pid': 8444, 'username': 'LENOVO-G50-80\\USER'}
{'name': 'RadeonSoftware.exe', 'pid': 8528, 'username': 'LENOVO-G50-80\\USER'}
{'name': 'cpptools-srv.exe', 'pid': 8624, 'username': 'LENOVO-G50-80\\USER'}
{'name': 'svchost.exe', 'pid': 8716, 'username': 'LENOVO-G50-80\\USER'}
{'name': 'ShellExperienceHost.exe', 'pid': 8936, 'username': 'LENOVO-G50-80\\USER'}
{'name': 'RuntimeBroker.exe', 'pid': 9100, 'username': 'LENOVO-G50-80\\USER'}
{'name': 'cncmd.exe', 'pid': 9140, 'username': 'LENOVO-G50-80\\USER'}
{'name': 'SearchApp.exe', 'pid': 9144, 'username': 'LENOVO-G50-80\\USER'}
{'name': 'svchost.exe', 'pid': 9228, 'username': 'LENOVO-G50-80\\USER'}
{'name': 'svchost.exe', 'pid': 9272, 'username': 'LENOVO-G50-80\\USER'}
{'name': 'svchost.exe', 'pid': 9452, 'username': None}
{'name': 'Code.exe', 'pid': 9552, 'username': 'LENOVO-G50-80\\USER'}
{'name': 'chrome.exe', 'pid': 9584, 'username': 'LENOVO-G50-80\\USER'}
{'name': 'amdow.exe', 'pid': 9700, 'username': 'LENOVO-G50-80\\USER'}
{'name': 'svchost.exe', 'pid': 9856, 'username': None}
{'name': 'chrome.exe', 'pid': 9892, 'username': 'LENOVO-G50-80\\USER'}
{'name': 'chrome.exe', 'pid': 9908, 'username': 'LENOVO-G50-80\\USER'}
{'name': 'chrome.exe', 'pid': 9940, 'username': 'LENOVO-G50-80\\USER'}
{'name': 'chrome.exe', 'pid': 10064, 'username': 'LENOVO-G50-80\\USER'}
{'name': 'chrome.exe', 'pid': 10072, 'username': 'LENOVO-G50-80\\USER'}
{'name': 'conhost.exe', 'pid': 10104, 'username': 'LENOVO-G50-80\\USER'}
{'name': 'Code.exe', 'pid': 10152, 'username': 'LENOVO-G50-80\\USER'}
{'name': 'chrome.exe', 'pid': 10160, 'username': 'LENOVO-G50-80\\USER'}
{'name': 'WmiPrvSE.exe', 'pid': 10304, 'username': None}
{'name': 'LockApp.exe', 'pid': 10312, 'username': 'LENOVO-G50-80\\USER'}
{'name': 'conhost.exe', 'pid': 10340, 'username': 'LENOVO-G50-80\\USER'}
{'name': 'chrome.exe', 'pid': 10364, 'username': 'LENOVO-G50-80\\USER'}
{'name': 'chrome.exe', 'pid': 10460, 'username': 'LENOVO-G50-80\\USER'}
{'name': 'chrome.exe', 'pid': 10468, 'username': 'LENOVO-G50-80\\USER'}
{'name': 'RuntimeBroker.exe', 'pid': 10480, 'username': 'LENOVO-G50-80\\USER'}
{'name': 'Code.exe', 'pid': 10580, 'username': 'LENOVO-G50-80\\USER'}
{'name': 'AMDRSSrcExt.exe', 'pid': 10744, 'username': 'LENOVO-G50-80\\USER'}
{'name': 'svchost.exe', 'pid': 10796, 'username': None}
{'name': 'SystemSettingsBroker.exe', 'pid': 10816, 'username': 'LENOVO-G50-80\\USER'}
{'name': 'chrome.exe', 'pid': 10828, 'username': 'LENOVO-G50-80\\USER'}
{'name': 'php.exe', 'pid': 11108, 'username': 'LENOVO-G50-80\\USER'}
{'name': 'RuntimeBroker.exe', 'pid': 11144, 'username': 'LENOVO-G50-80\\USER'}
{'name': 'SearchProtocolHost.exe', 'pid': 11196, 'username': None}
{'name': 'svchost.exe', 'pid': 11580, 'username': None}
{'name': 'conhost.exe', 'pid': 11816, 'username': 'LENOVO-G50-80\\USER'}
{'name': 'backgroundTaskHost.exe', 'pid': 11948, 'username': 'LENOVO-G50-80\\USER'}
{'name': 'HxOutlook.exe', 'pid': 12128, 'username': 'LENOVO-G50-80\\USER'}
{'name': 'dllhost.exe', 'pid': 12148, 'username': 'LENOVO-G50-80\\USER'}
{'name': 'powershell.exe', 'pid': 12300, 'username': 'LENOVO-G50-80\\USER'}
{'name': 'MoUsoCoreWorker.exe', 'pid': 12360, 'username': None}
{'name': 'CodeHelper.exe', 'pid': 12404, 'username': 'LENOVO-G50-80\\USER'}
{'name': 'notepad.exe', 'pid': 12536, 'username': 'LENOVO-G50-80\\USER'}
{'name': 'svchost.exe', 'pid': 12636, 'username': None}
{'name': 'Code.exe', 'pid': 12772, 'username': 'LENOVO-G50-80\\USER'}
{'name': 'dllhost.exe', 'pid': 12940, 'username': 'LENOVO-G50-80\\USER'}
{'name': 'Code.exe', 'pid': 12984, 'username': 'LENOVO-G50-80\\USER'}
{'name': 'TextInputHost.exe', 'pid': 13172, 'username': 'LENOVO-G50-80\\USER'}
{'name': 'RuntimeBroker.exe', 'pid': 13280, 'username': 'LENOVO-G50-80\\USER'}
{'name': 'chrome.exe', 'pid': 13348, 'username': 'LENOVO-G50-80\\USER'}
{'name': 'conhost.exe', 'pid': 13380, 'username': 'LENOVO-G50-80\\USER'}
{'name': 'Code.exe', 'pid': 13388, 'username': 'LENOVO-G50-80\\USER'}
{'name': 'cpptools-srv.exe', 'pid': 13476, 'username': 'LENOVO-G50-80\\USER'}
{'name': 'HxTsr.exe', 'pid': 13656, 'username': 'LENOVO-G50-80\\USER'}
{'name': 'conhost.exe', 'pid': 13664, 'username': 'LENOVO-G50-80\\USER'}
{'name': 'Calculator.exe', 'pid': 13776, 'username': 'LENOVO-G50-80\\USER'}
{'name': 'Code.exe', 'pid': 13780, 'username': 'LENOVO-G50-80\\USER'}
{'name': 'powershell.exe', 'pid': 13920, 'username': 'LENOVO-G50-80\\USER'}
{'name': 'GameBarFTServer.exe', 'pid': 14180, 'username': 'LENOVO-G50-80\\USER'}
{'name': 'GoogleCrashHandler.exe', 'pid': 14212, 'username': None}
{'name': 'UserOOBEBroker.exe', 'pid': 14280, 'username': 'LENOVO-G50-80\\USER'}
{'name': 'SystemSettings.exe', 'pid': 14444, 'username': 'LENOVO-G50-80\\USER'}
{'name': 'ApplicationFrameHost.exe', 'pid': 14452, 'username': 'LENOVO-G50-80\\USER'}
{'name': 'Code.exe', 'pid': 14460, 'username': 'LENOVO-G50-80\\USER'}
{'name': 'SearchFilterHost.exe', 'pid': 14464, 'username': None}
{'name': 'cpptools-srv.exe', 'pid': 14480, 'username': 'LENOVO-G50-80\\USER'}
{'name': 'GameBar.exe', 'pid': 14484, 'username': 'LENOVO-G50-80\\USER'}
{'name': 'chrome.exe', 'pid': 14680, 'username': 'LENOVO-G50-80\\USER'}
{'name': 'python.exe', 'pid': 15076, 'username': 'LENOVO-G50-80\\USER'}
{'name': 'Code.exe', 'pid': 15100, 'username': 'LENOVO-G50-80\\USER'}
{'name': 'TrustedInstaller.exe', 'pid': 15152, 'username': None}
{'name': 'Code.exe', 'pid': 15280, 'username': 'LENOVO-G50-80\\USER'}
{'name': 'Code.exe', 'pid': 15320, 'username': 'LENOVO-G50-80\\USER'}
{'name': 'conhost.exe', 'pid': 15364, 'username': 'LENOVO-G50-80\\USER'}
{'name': 'audiodg.exe', 'pid': 15432, 'username': None}
{'name': 'svchost.exe', 'pid': 15796, 'username': None}
{'name': 'conhost.exe', 'pid': 15848, 'username': 'LENOVO-G50-80\\USER'}
{'name': 'Code.exe', 'pid': 15868, 'username': 'LENOVO-G50-80\\USER'}
{'name': 'Code.exe', 'pid': 15956, 'username': 'LENOVO-G50-80\\USER'}
{'name': 'Code.exe', 'pid': 15972, 'username': 'LENOVO-G50-80\\USER'}
{'name': 'Code.exe', 'pid': 16084, 'username': 'LENOVO-G50-80\\USER'}
{'name': 'RuntimeBroker.exe', 'pid': 16204, 'username': 'LENOVO-G50-80\\USER'}
{'name': 'powershell.exe', 'pid': 16352, 'username': 'LENOVO-G50-80\\USER'}
{'name': 'Code.exe', 'pid': 16576, 'username': 'LENOVO-G50-80\\USER'}
{'name': 'svchost.exe', 'pid': 16840, 'username': None}
{'name': 'WinStore.App.exe', 'pid': 16900, 'username': 'LENOVO-G50-80\\USER'}
{'name': 'CodeHelper.exe', 'pid': 17152, 'username': 'LENOVO-G50-80\\USER'}
{'name': 'chrome.exe', 'pid': 17236, 'username': 'LENOVO-G50-80\\USER'}
{'name': 'WmiPrvSE.exe', 'pid': 17468, 'username': None}
{'name': 'svchost.exe', 'pid': 17548, 'username': None}
{'name': 'chrome.exe', 'pid': 17564, 'username': 'LENOVO-G50-80\\USER'}
{'name': 'svchost.exe', 'pid': 18368, 'username': None}
